Core Ground state has been done
Core Ground state energy : -4167.2599 eV
Core Ground state has been done
Core Ground state energy : -4167.2599 eV
Core Ground state has been done
Core Ground state energy : -4167.2599 eV
Core Ground state has been done
Core Ground state energy : -4167.2599 eV

== Epilog Slurmctld ==================================================

Job ID: 9548540
Array Job ID: 9548540_3
Cluster: curta
User/Group: singhk93/agbande
State: COMPLETED (exit code 0)
Nodes: 1
Cores per node: 4
CPU Utilized: 00:57:56
CPU Efficiency: 74.72% of 01:17:32 core-walltime
Job Wall-clock time: 00:19:23
Memory Utilized: 876.16 MB
Memory Efficiency: 21.39% of 4.00 GB

======================================================================
