Core Ground state has been done
Core Ground state energy : -2028.9149 eV
Core Ground state has been done
Core Ground state energy : -2028.9149 eV
Core Ground state has been done
Core Ground state energy : -2028.9149 eV
Core Ground state has been done
Core Ground state energy : -2028.9149 eV

== Epilog Slurmctld ==================================================

Job ID: 9548546
Array Job ID: 9548545_0
Cluster: curta
User/Group: singhk93/agbande
State: COMPLETED (exit code 0)
Nodes: 1
Cores per node: 4
CPU Utilized: 00:50:39
CPU Efficiency: 99.44% of 00:50:56 core-walltime
Job Wall-clock time: 00:12:44
Memory Utilized: 856.45 MB
Memory Efficiency: 20.91% of 4.00 GB

======================================================================
