Ground state has been done
Ground state energy : -2170.3962 eV
Ground state has been done
Ground state energy : -2170.3962 eV
Ground state has been done
Ground state energy : -2170.3962 eV
Ground state has been done
Ground state energy : -2170.3962 eV
  State     Energy
0    -1 -2170.3962
  State     Energy
0    -1 -2170.3962
  State     Energy
0    -1 -2170.3962
  State     Energy
0    -1 -2170.3962

== Epilog Slurmctld ==================================================

Job ID: 9547473
Array Job ID: 9547473_0
Cluster: curta
User/Group: singhk93/agbande
State: COMPLETED (exit code 0)
Nodes: 1
Cores per node: 4
CPU Utilized: 00:29:47
CPU Efficiency: 99.06% of 00:30:04 core-walltime
Job Wall-clock time: 00:07:31
Memory Utilized: 895.60 MB
Memory Efficiency: 21.87% of 4.00 GB

======================================================================
