Excited state has been done
Excited state energy : -2953.6191 eV
   State     Energy
0     -1 -3239.6025
1      0 -2953.6478
2      4 -2953.4881
   State     Energy
0     -1 -3239.6025
1      0 -2953.6478
2      4 -2953.4881
   State     Energy
0     -1 -3239.6025
1      0 -2953.6478
2      4 -2953.4881
   State     Energy
0     -1 -3239.6025
1      0 -2953.6478
2      4 -2953.4881

== Epilog Slurmctld ==================================================

Job ID: 9550071
Array Job ID: 9550071_2
Cluster: curta
User/Group: singhk93/agbande
State: COMPLETED (exit code 0)
Nodes: 1
Cores per node: 4
CPU Utilized: 01:35:45
CPU Efficiency: 98.58% of 01:37:08 core-walltime
Job Wall-clock time: 00:24:17
Memory Utilized: 935.39 MB
Memory Efficiency: 22.84% of 4.00 GB

======================================================================
